<?xml version="1.0" encoding="UTF-8"?>
<!-- Generated by org.testng.reporters.JUnitReportReporter -->
<testsuite hostname="family" name="com.test.StringOperationTest1" tests="2" failures="0" timestamp="5 Mar 2016 02:55:58 GMT" time="0.002" errors="0">
  <testcase name="method2" time="0.001" classname="com.test.StringOperationTest1"/>
  <testcase name="method1" time="0.001" classname="com.test.StringOperationTest1"/>
</testsuite> <!-- com.test.StringOperationTest1 -->
