<?xml version="1.0" encoding="UTF-8"?>
<!-- Generated by org.testng.reporters.JUnitReportReporter -->
<testsuite hostname="family" name="com.test.LoginPageTest" tests="3" failures="0" timestamp="17 Jan 2017 20:45:42 GMT" time="5.862" errors="0">
  <testcase name="testLoginLink" time="3.304" classname="com.test.LoginPageTest"/>
  <testcase name="testLogin" time="2.483" classname="com.test.LoginPageTest"/>
  <testcase name="testForgotPass" time="0.075" classname="com.test.LoginPageTest"/>
</testsuite> <!-- com.test.LoginPageTest -->
