<?xml version="1.0" encoding="UTF-8"?>
<!-- Generated by org.testng.reporters.JUnitReportReporter -->
<testsuite hostname="family" name="com.test.HomePageTest" tests="3" failures="0" timestamp="17 Jan 2017 20:45:42 GMT" time="0.358" errors="0">
  <testcase name="isEnrollPresent" time="0.229" classname="com.test.HomePageTest"/>
  <testcase name="testSocialTabs" time="0.068" classname="com.test.HomePageTest"/>
  <testcase name="testSocialIcons" time="0.061" classname="com.test.HomePageTest"/>
</testsuite> <!-- com.test.HomePageTest -->
