<?xml version="1.0" encoding="UTF-8"?>
<!-- Generated by org.testng.reporters.JUnitReportReporter -->
<testsuite hostname="family" name="com.test.NewTest1" tests="1" failures="0" timestamp="3 May 2016 06:18:50 GMT" time="0.008" errors="0">
  <testcase name="f" time="0.008" classname="com.test.NewTest1"/>
</testsuite> <!-- com.test.NewTest1 -->
