<?xml version="1.0" encoding="UTF-8"?>
<!-- Generated by org.testng.reporters.JUnitReportReporter -->
<testsuite hostname="family" name="com.test.robot.DownloadFile" tests="1" failures="0" timestamp="26 Jan 2017 02:10:23 GMT" time="17.315" errors="0">
  <testcase name="testUploadFile" time="17.315" classname="com.test.robot.DownloadFile"/>
</testsuite> <!-- com.test.robot.DownloadFile -->
