<?xml version="1.0" encoding="UTF-8"?>
<!-- Generated by org.testng.reporters.JUnitReportReporter -->
<testsuite hostname="family" name="com.test.MultipleTests1" tests="3" failures="0" timestamp="3 May 2016 06:18:50 GMT" time="0.008" errors="0">
  <testcase name="deleteProduct" time="0.008" classname="com.test.MultipleTests1"/>
  <testcase name="deleteCurrency" time="0.000" classname="com.test.MultipleTests1"/>
  <testcase name="deleteVendor" time="0.000" classname="com.test.MultipleTests1"/>
</testsuite> <!-- com.test.MultipleTests1 -->
