<?xml version="1.0" encoding="UTF-8"?>
<!-- Generated by org.testng.reporters.JUnitReportReporter -->
<testsuite hostname="family" name="com.test.StringOperationsTest" tests="6" failures="0" timestamp="5 Mar 2016 02:53:49 GMT" time="0.016" errors="0">
  <testcase name="method5" time="0.001" classname="com.test.StringOperationsTest"/>
  <testcase name="method4" time="0.002" classname="com.test.StringOperationsTest"/>
  <testcase name="method3" time="0.001" classname="com.test.StringOperationsTest"/>
  <testcase name="method1" time="0.010" classname="com.test.StringOperationsTest"/>
  <testcase name="method6" time="0.001" classname="com.test.StringOperationsTest"/>
  <testcase name="method2" time="0.001" classname="com.test.StringOperationsTest"/>
</testsuite> <!-- com.test.StringOperationsTest -->
