<?xml version="1.0" encoding="UTF-8"?>
<!-- Generated by org.testng.reporters.JUnitReportReporter -->
<testsuite hostname="family" name="com.test.NewTest4" tests="4" failures="0" timestamp="26 Aug 2016 04:02:15 GMT" time="0.024" errors="0">
  <testcase name="cashDeposit1" time="0.019" classname="com.test.NewTest4"/>
  <testcase name="fundTransfer1" time="0.002" classname="com.test.NewTest4"/>
  <testcase name="logIn1" time="0.001" classname="com.test.NewTest4"/>
  <testcase name="cashWithdraw1" time="0.002" classname="com.test.NewTest4"/>
</testsuite> <!-- com.test.NewTest4 -->
