<?xml version="1.0" encoding="UTF-8"?>
<!-- Generated by org.testng.reporters.JUnitReportReporter -->
<testsuite hostname="family" name="com.test.NewTest3" tests="4" failures="0" timestamp="26 Aug 2016 04:02:15 GMT" time="0.034" errors="0">
  <testcase name="fundTransfer" time="0.002" classname="com.test.NewTest3"/>
  <testcase name="cashDeposit" time="0.019" classname="com.test.NewTest3"/>
  <testcase name="cashWithdraw" time="0.004" classname="com.test.NewTest3"/>
  <testcase name="logIn" time="0.009" classname="com.test.NewTest3"/>
</testsuite> <!-- com.test.NewTest3 -->
