<?xml version="1.0" encoding="UTF-8"?>
<!-- Generated by org.testng.reporters.JUnitReportReporter -->
<testsuite hostname="family" name="com.test.robot.UploadFile" tests="1" failures="0" timestamp="26 Jan 2017 02:15:36 GMT" time="29.302" errors="0">
  <testcase name="uploadFile" time="29.302" classname="com.test.robot.UploadFile"/>
</testsuite> <!-- com.test.robot.UploadFile -->
