<?xml version="1.0" encoding="UTF-8"?>
<!-- Generated by org.testng.reporters.JUnitReportReporter -->
<testsuite hostname="family" name="com.test.MultipleTests" tests="3" failures="0" timestamp="3 May 2016 06:18:50 GMT" time="0.000" errors="0">
  <testcase name="addProduct" time="0.000" classname="com.test.MultipleTests"/>
  <testcase name="addCurrency" time="0.000" classname="com.test.MultipleTests"/>
  <testcase name="addVendor" time="0.000" classname="com.test.MultipleTests"/>
</testsuite> <!-- com.test.MultipleTests -->
