<?xml version="1.0" encoding="UTF-8"?>
<!-- Generated by org.testng.reporters.JUnitReportReporter -->
<testsuite hostname="family" name="JenkinsDemo.JenkinsDemoEx" tests="1" failures="0" timestamp="7 Oct 2016 22:12:12 GMT" time="10.330" errors="0">
  <testcase name="jenkinsex" time="10.330" classname="JenkinsDemo.JenkinsDemoEx"/>
</testsuite> <!-- JenkinsDemo.JenkinsDemoEx -->
