<?xml version="1.0" encoding="UTF-8"?>
<!-- Generated by org.testng.reporters.JUnitReportReporter -->
<testsuite hostname="family" name="com.ebay.Walmart" tests="1" failures="0" timestamp="22 Dec 2016 07:46:24 GMT" time="21.944" errors="0">
  <testcase name="findMaxPrice" time="21.944" classname="com.ebay.Walmart"/>
</testsuite> <!-- com.ebay.Walmart -->
