<?xml version="1.0" encoding="UTF-8"?>
<!-- Generated by org.testng.reporters.JUnitReportReporter -->
<testsuite hostname="family" name="com.testng.caoturescreenshot.WhiteboxScreenshot" tests="1" failures="0" timestamp="6 Oct 2016 18:24:02 GMT" time="15.107" errors="0">
  <testcase name="screenShotforWhitebox" time="15.107" classname="com.testng.caoturescreenshot.WhiteboxScreenshot"/>
</testsuite> <!-- com.testng.caoturescreenshot.WhiteboxScreenshot -->
