<?xml version="1.0" encoding="UTF-8"?>
<!-- Generated by org.testng.reporters.JUnitReportReporter -->
<testsuite hostname="family" name="com.testng.caoturescreenshot.FacebookScreenshot" tests="1" failures="0" timestamp="9 Nov 2016 05:51:42 GMT" time="13.760" errors="0">
  <testcase name="facebookScreen" time="13.760" classname="com.testng.caoturescreenshot.FacebookScreenshot"/>
</testsuite> <!-- com.testng.caoturescreenshot.FacebookScreenshot -->
