<?xml version="1.0" encoding="UTF-8"?>
<!-- Generated by org.testng.reporters.JUnitReportReporter -->
<testsuite hostname="family" name="com.ebay.DropDownEx" tests="1" failures="0" timestamp="20 Dec 2016 15:50:39 GMT" time="14.065" errors="0">
  <testcase name="findDropdown" time="14.065" classname="com.ebay.DropDownEx"/>
</testsuite> <!-- com.ebay.DropDownEx -->
