<?xml version="1.0" encoding="UTF-8"?>
<!-- Generated by org.testng.reporters.JUnitReportReporter -->
<testsuite hostname="family" name="com.test.HomePageTest" tests="2" failures="0" timestamp="15 Feb 2017 03:50:02 GMT" time="4.737" errors="0">
  <testcase name="testNavigate" time="4.030" classname="com.test.HomePageTest"/>
  <testcase name="testCountCategories" time="0.707" classname="com.test.HomePageTest"/>
</testsuite> <!-- com.test.HomePageTest -->
